2022-08-24 13:10:03.366  INFO 10580 --- [main] com.example.ej5.logging.Application      : Starting Application using Java 18.0.2 on L2207036 with PID 10580 (C:\Users\luiskevin.escudero\Desktop\ejercicios java\ej5.5-logging\target\classes started by luiskevin.escudero in C:\Users\luiskevin.escudero\Desktop\ejercicios java)
2022-08-24 13:10:03.370  INFO 10580 --- [main] com.example.ej5.logging.Application      : No active profile set, falling back to 1 default profile: "default"
2022-08-24 13:10:04.324  INFO 10580 --- [main] o.s.b.w.embedded.tomcat.TomcatWebServer  : Tomcat initialized with port(s): 8080 (http)
2022-08-24 13:10:04.334  INFO 10580 --- [main] o.apache.catalina.core.StandardService   : Starting service [Tomcat]
2022-08-24 13:10:04.345  INFO 10580 --- [main] org.apache.catalina.core.StandardEngine  : Starting Servlet engine: [Apache Tomcat/9.0.65]
2022-08-24 13:10:04.431  INFO 10580 --- [main] o.a.c.c.C.[Tomcat].[localhost].[/]       : Initializing Spring embedded WebApplicationContext
2022-08-24 13:10:04.431  INFO 10580 --- [main] w.s.c.ServletWebServerApplicationContext : Root WebApplicationContext: initialization completed in 1006 ms
2022-08-24 13:10:04.777  INFO 10580 --- [main] o.s.b.w.embedded.tomcat.TomcatWebServer  : Tomcat started on port(s): 8080 (http) with context path ''
2022-08-24 13:10:04.785  INFO 10580 --- [main] com.example.ej5.logging.Application      : Started Application in 1.823 seconds (JVM running for 2.165)
2022-08-24 13:10:08.136  INFO 10580 --- [http-nio-8080-exec-1] o.a.c.c.C.[Tomcat].[localhost].[/]       : Initializing Spring DispatcherServlet 'dispatcherServlet'
2022-08-24 13:10:08.137  INFO 10580 --- [http-nio-8080-exec-1] o.s.web.servlet.DispatcherServlet        : Initializing Servlet 'dispatcherServlet'
2022-08-24 13:10:08.137  INFO 10580 --- [http-nio-8080-exec-1] o.s.web.servlet.DispatcherServlet        : Completed initialization in 0 ms
2022-08-24 13:10:08.164  INFO 10580 --- [http-nio-8080-exec-1] com.example.ej5.logging.controlador1     : Mensaje a nivel de INFO
2022-08-24 13:10:08.164  WARN 10580 --- [http-nio-8080-exec-1] com.example.ej5.logging.controlador1     : Mensaje a nivel de WARNING
2022-08-24 13:10:08.164 ERROR 10580 --- [http-nio-8080-exec-1] com.example.ej5.logging.controlador1     : Mensaje a nivel de ERROR
2022-08-24 13:15:16.864  INFO 10580 --- [http-nio-8080-exec-5] com.example.ej5.logging.controlador1     : Mensaje a nivel de INFO
2022-08-24 13:15:16.865  WARN 10580 --- [http-nio-8080-exec-5] com.example.ej5.logging.controlador1     : Mensaje a nivel de WARNING
2022-08-24 13:15:16.865 ERROR 10580 --- [http-nio-8080-exec-5] com.example.ej5.logging.controlador1     : Mensaje a nivel de ERROR
2022-08-24 13:16:50.836  INFO 6184 --- [main] com.example.ej5.logging.Application      : Starting Application using Java 18.0.2 on L2207036 with PID 6184 (C:\Users\luiskevin.escudero\Desktop\ejercicios java\ej5.5-logging\target\classes started by luiskevin.escudero in C:\Users\luiskevin.escudero\Desktop\ejercicios java)
2022-08-24 13:16:50.838  INFO 6184 --- [main] com.example.ej5.logging.Application      : No active profile set, falling back to 1 default profile: "default"
2022-08-24 13:16:51.691  INFO 6184 --- [main] o.s.b.w.embedded.tomcat.TomcatWebServer  : Tomcat initialized with port(s): 8080 (http)
2022-08-24 13:16:51.701  INFO 6184 --- [main] o.apache.catalina.core.StandardService   : Starting service [Tomcat]
2022-08-24 13:16:51.701  INFO 6184 --- [main] org.apache.catalina.core.StandardEngine  : Starting Servlet engine: [Apache Tomcat/9.0.65]
2022-08-24 13:16:51.778  INFO 6184 --- [main] o.a.c.c.C.[Tomcat].[localhost].[/]       : Initializing Spring embedded WebApplicationContext
2022-08-24 13:16:51.778  INFO 6184 --- [main] w.s.c.ServletWebServerApplicationContext : Root WebApplicationContext: initialization completed in 885 ms
2022-08-24 13:16:52.123  INFO 6184 --- [main] o.s.b.w.embedded.tomcat.TomcatWebServer  : Tomcat started on port(s): 8080 (http) with context path ''
2022-08-24 13:16:52.131  INFO 6184 --- [main] com.example.ej5.logging.Application      : Started Application in 1.688 seconds (JVM running for 2.026)
2022-08-24 13:17:32.520  INFO 6184 --- [http-nio-8080-exec-1] o.a.c.c.C.[Tomcat].[localhost].[/]       : Initializing Spring DispatcherServlet 'dispatcherServlet'
2022-08-24 13:17:32.520  INFO 6184 --- [http-nio-8080-exec-1] o.s.web.servlet.DispatcherServlet        : Initializing Servlet 'dispatcherServlet'
2022-08-24 13:17:32.521  INFO 6184 --- [http-nio-8080-exec-1] o.s.web.servlet.DispatcherServlet        : Completed initialization in 1 ms
2022-08-24 13:17:32.542  INFO 6184 --- [http-nio-8080-exec-1] com.example.ej5.logging.controlador1     : Mensaje a nivel de INFO
2022-08-24 13:17:32.543  WARN 6184 --- [http-nio-8080-exec-1] com.example.ej5.logging.controlador1     : Mensaje a nivel de WARNING
2022-08-24 13:17:32.543 ERROR 6184 --- [http-nio-8080-exec-1] com.example.ej5.logging.controlador1     : Mensaje a nivel de ERROR
